<?xml version="1.0" encoding="UTF-8"?>
<!-- Generated by org.testng.reporters.JUnitReportReporter -->
<testsuite hostname="SKY-4DL5RV2-10" failures="0" tests="3" name="TestNGDataProviderDemo" time="1.265" errors="0" timestamp="30 Jan 2021 16:18:24 GMT" skipped="0">
  <testcase classname="TestNGDataProviderDemo" name="login" time="0.382"/>
  <testcase classname="TestNGDataProviderDemo" name="login" time="0.567"/>
  <testcase classname="TestNGDataProviderDemo" name="login" time="0.316"/>
</testsuite> <!-- TestNGDataProviderDemo -->
