<?xml version="1.0" encoding="UTF-8"?>
<!-- Generated by org.testng.reporters.JUnitReportReporter -->
<testsuite hostname="SKY-4DL5RV2-10" failures="0" tests="1" name="testcases.HotelSearchTest" time="12.378" errors="0" timestamp="06 Feb 2021 15:44:40 GMT" skipped="0">
  <testcase classname="testcases.HotelSearchTest" name="searchHotel" time="12.378"/>
</testsuite> <!-- testcases.HotelSearchTest -->
