<?xml version="1.0" encoding="UTF-8"?>
<!-- Generated by org.testng.reporters.JUnitReportReporter -->
<testsuite skipped="0" hostname="SKY-4DL5RV2-10" name="exceldataprovider.TestNGDataProviderDemo" tests="3" failures="0" timestamp="30 Jan 2021 16:32:54 GMT" time="1.121" errors="0">
  <testcase name="login" time="0.516" classname="exceldataprovider.TestNGDataProviderDemo"/>
  <testcase name="login" time="0.325" classname="exceldataprovider.TestNGDataProviderDemo"/>
  <testcase name="login" time="0.280" classname="exceldataprovider.TestNGDataProviderDemo"/>
</testsuite> <!-- exceldataprovider.TestNGDataProviderDemo -->
